{"C:\\Users\\hping\\hping\\NUS\\Y3S1\\CS3219\\assn-b-backend\\index.js": {"path":"C:\\Users\\hping\\hping\\NUS\\Y3S1\\CS3219\\assn-b-backend\\index.js","statementMap":{"0":{"start":{"line":1,"column":16},"end":{"line":1,"column":34}},"1":{"start":{"line":2,"column":11},"end":{"line":2,"column":24}},"2":{"start":{"line":3,"column":23},"end":{"line":3,"column":38}},"3":{"start":{"line":5,"column":13},"end":{"line":5,"column":28}},"4":{"start":{"line":6,"column":12},"end":{"line":6,"column":21}},"5":{"start":{"line":7,"column":0},"end":{"line":7,"column":16}},"6":{"start":{"line":8,"column":0},"end":{"line":8,"column":24}},"7":{"start":{"line":9,"column":21},"end":{"line":9,"column":34}},"8":{"start":{"line":12,"column":0},"end":{"line":14,"column":2}},"9":{"start":{"line":13,"column":4},"end":{"line":13,"column":41}},"10":{"start":{"line":17,"column":0},"end":{"line":20,"column":3}},"11":{"start":{"line":18,"column":17},"end":{"line":18,"column":58}},"12":{"start":{"line":19,"column":4},"end":{"line":19,"column":18}},"13":{"start":{"line":23,"column":0},"end":{"line":32,"column":3}},"14":{"start":{"line":24,"column":15},"end":{"line":24,"column":28}},"15":{"start":{"line":25,"column":17},"end":{"line":25,"column":58}},"16":{"start":{"line":26,"column":17},"end":{"line":26,"column":25}},"17":{"start":{"line":27,"column":4},"end":{"line":30,"column":5}},"18":{"start":{"line":28,"column":8},"end":{"line":28,"column":65}},"19":{"start":{"line":29,"column":8},"end":{"line":29,"column":14}},"20":{"start":{"line":31,"column":4},"end":{"line":31,"column":18}},"21":{"start":{"line":35,"column":0},"end":{"line":54,"column":3}},"22":{"start":{"line":36,"column":4},"end":{"line":53,"column":5}},"23":{"start":{"line":37,"column":21},"end":{"line":37,"column":29}},"24":{"start":{"line":38,"column":8},"end":{"line":41,"column":9}},"25":{"start":{"line":39,"column":12},"end":{"line":39,"column":84}},"26":{"start":{"line":40,"column":12},"end":{"line":40,"column":18}},"27":{"start":{"line":43,"column":21},"end":{"line":43,"column":62}},"28":{"start":{"line":44,"column":25},"end":{"line":44,"column":33}},"29":{"start":{"line":45,"column":8},"end":{"line":45,"column":29}},"30":{"start":{"line":46,"column":8},"end":{"line":46,"column":60}},"31":{"start":{"line":47,"column":8},"end":{"line":50,"column":10}},"32":{"start":{"line":52,"column":8},"end":{"line":52,"column":24}},"33":{"start":{"line":57,"column":0},"end":{"line":82,"column":3}},"34":{"start":{"line":58,"column":4},"end":{"line":81,"column":5}},"35":{"start":{"line":59,"column":21},"end":{"line":59,"column":29}},"36":{"start":{"line":60,"column":25},"end":{"line":60,"column":38}},"37":{"start":{"line":61,"column":8},"end":{"line":64,"column":9}},"38":{"start":{"line":62,"column":12},"end":{"line":62,"column":83}},"39":{"start":{"line":63,"column":12},"end":{"line":63,"column":18}},"40":{"start":{"line":66,"column":21},"end":{"line":66,"column":62}},"41":{"start":{"line":68,"column":8},"end":{"line":71,"column":9}},"42":{"start":{"line":69,"column":12},"end":{"line":69,"column":69}},"43":{"start":{"line":70,"column":12},"end":{"line":70,"column":18}},"44":{"start":{"line":73,"column":8},"end":{"line":73,"column":29}},"45":{"start":{"line":74,"column":8},"end":{"line":74,"column":60}},"46":{"start":{"line":75,"column":8},"end":{"line":78,"column":10}},"47":{"start":{"line":80,"column":8},"end":{"line":80,"column":24}},"48":{"start":{"line":85,"column":0},"end":{"line":103,"column":3}},"49":{"start":{"line":86,"column":4},"end":{"line":102,"column":5}},"50":{"start":{"line":87,"column":25},"end":{"line":87,"column":38}},"51":{"start":{"line":88,"column":21},"end":{"line":88,"column":62}},"52":{"start":{"line":89,"column":21},"end":{"line":89,"column":35}},"53":{"start":{"line":90,"column":8},"end":{"line":93,"column":9}},"54":{"start":{"line":91,"column":12},"end":{"line":91,"column":69}},"55":{"start":{"line":92,"column":12},"end":{"line":92,"column":18}},"56":{"start":{"line":94,"column":8},"end":{"line":94,"column":29}},"57":{"start":{"line":95,"column":8},"end":{"line":95,"column":60}},"58":{"start":{"line":96,"column":8},"end":{"line":99,"column":10}},"59":{"start":{"line":101,"column":8},"end":{"line":101,"column":24}},"60":{"start":{"line":105,"column":0},"end":{"line":105,"column":20}}},"fnMap":{"0":{"name":"(anonymous_0)","decl":{"start":{"line":12,"column":13},"end":{"line":12,"column":14}},"loc":{"start":{"line":12,"column":27},"end":{"line":14,"column":1}},"line":12},"1":{"name":"(anonymous_1)","decl":{"start":{"line":17,"column":17},"end":{"line":17,"column":18}},"loc":{"start":{"line":17,"column":31},"end":{"line":20,"column":1}},"line":17},"2":{"name":"(anonymous_2)","decl":{"start":{"line":23,"column":21},"end":{"line":23,"column":22}},"loc":{"start":{"line":23,"column":35},"end":{"line":32,"column":1}},"line":23},"3":{"name":"(anonymous_3)","decl":{"start":{"line":35,"column":18},"end":{"line":35,"column":19}},"loc":{"start":{"line":35,"column":32},"end":{"line":54,"column":1}},"line":35},"4":{"name":"(anonymous_4)","decl":{"start":{"line":57,"column":21},"end":{"line":57,"column":22}},"loc":{"start":{"line":57,"column":35},"end":{"line":82,"column":1}},"line":57},"5":{"name":"(anonymous_5)","decl":{"start":{"line":85,"column":24},"end":{"line":85,"column":25}},"loc":{"start":{"line":85,"column":38},"end":{"line":103,"column":1}},"line":85}},"branchMap":{"0":{"loc":{"start":{"line":27,"column":4},"end":{"line":30,"column":5}},"type":"if","locations":[{"start":{"line":27,"column":4},"end":{"line":30,"column":5}},{"start":{},"end":{}}],"line":27},"1":{"loc":{"start":{"line":38,"column":8},"end":{"line":41,"column":9}},"type":"if","locations":[{"start":{"line":38,"column":8},"end":{"line":41,"column":9}},{"start":{},"end":{}}],"line":38},"2":{"loc":{"start":{"line":38,"column":12},"end":{"line":38,"column":50}},"type":"binary-expr","locations":[{"start":{"line":38,"column":12},"end":{"line":38,"column":22}},{"start":{"line":38,"column":26},"end":{"line":38,"column":35}},{"start":{"line":38,"column":39},"end":{"line":38,"column":50}}],"line":38},"3":{"loc":{"start":{"line":61,"column":8},"end":{"line":64,"column":9}},"type":"if","locations":[{"start":{"line":61,"column":8},"end":{"line":64,"column":9}},{"start":{},"end":{}}],"line":61},"4":{"loc":{"start":{"line":61,"column":12},"end":{"line":61,"column":50}},"type":"binary-expr","locations":[{"start":{"line":61,"column":12},"end":{"line":61,"column":22}},{"start":{"line":61,"column":26},"end":{"line":61,"column":35}},{"start":{"line":61,"column":39},"end":{"line":61,"column":50}}],"line":61},"5":{"loc":{"start":{"line":68,"column":8},"end":{"line":71,"column":9}},"type":"if","locations":[{"start":{"line":68,"column":8},"end":{"line":71,"column":9}},{"start":{},"end":{}}],"line":68},"6":{"loc":{"start":{"line":90,"column":8},"end":{"line":93,"column":9}},"type":"if","locations":[{"start":{"line":90,"column":8},"end":{"line":93,"column":9}},{"start":{},"end":{}}],"line":90}},"s":{"0":1,"1":1,"2":1,"3":1,"4":1,"5":1,"6":1,"7":1,"8":1,"9":0,"10":1,"11":2,"12":2,"13":1,"14":7,"15":7,"16":7,"17":7,"18":2,"19":2,"20":5,"21":1,"22":6,"23":6,"24":6,"25":3,"26":3,"27":3,"28":3,"29":3,"30":3,"31":3,"32":0,"33":1,"34":7,"35":7,"36":7,"37":7,"38":3,"39":3,"40":4,"41":4,"42":1,"43":1,"44":3,"45":3,"46":3,"47":0,"48":1,"49":6,"50":6,"51":6,"52":6,"53":6,"54":2,"55":2,"56":4,"57":4,"58":4,"59":0,"60":1},"f":{"0":0,"1":2,"2":7,"3":6,"4":7,"5":6},"b":{"0":[2,5],"1":[3,3],"2":[6,5,5],"3":[3,4],"4":[7,6,6],"5":[1,3],"6":[2,4]},"_coverageSchema":"1a1c01bbd47fc00a2c39e90264f33305004495a9","hash":"14b2cff228dfdd3ff5dfc7cbe9b3f5b034bae263"}
}
