TN:
SF:index.js
FN:12,(anonymous_0)
FN:17,(anonymous_1)
FN:23,(anonymous_2)
FN:35,(anonymous_3)
FN:57,(anonymous_4)
FN:85,(anonymous_5)
FNF:6
FNH:5
FNDA:0,(anonymous_0)
FNDA:2,(anonymous_1)
FNDA:7,(anonymous_2)
FNDA:6,(anonymous_3)
FNDA:7,(anonymous_4)
FNDA:6,(anonymous_5)
DA:1,1
DA:2,1
DA:3,1
DA:5,1
DA:6,1
DA:7,1
DA:8,1
DA:9,1
DA:12,1
DA:13,0
DA:17,1
DA:18,2
DA:19,2
DA:23,1
DA:24,7
DA:25,7
DA:26,7
DA:27,7
DA:28,2
DA:29,2
DA:31,5
DA:35,1
DA:36,6
DA:37,6
DA:38,6
DA:39,3
DA:40,3
DA:43,3
DA:44,3
DA:45,3
DA:46,3
DA:47,3
DA:52,0
DA:57,1
DA:58,7
DA:59,7
DA:60,7
DA:61,7
DA:62,3
DA:63,3
DA:66,4
DA:68,4
DA:69,1
DA:70,1
DA:73,3
DA:74,3
DA:75,3
DA:80,0
DA:85,1
DA:86,6
DA:87,6
DA:88,6
DA:89,6
DA:90,6
DA:91,2
DA:92,2
DA:94,4
DA:95,4
DA:96,4
DA:101,0
DA:105,1
LF:61
LH:57
BRDA:27,0,0,2
BRDA:27,0,1,5
BRDA:38,1,0,3
BRDA:38,1,1,3
BRDA:38,2,0,6
BRDA:38,2,1,5
BRDA:38,2,2,5
BRDA:61,3,0,3
BRDA:61,3,1,4
BRDA:61,4,0,7
BRDA:61,4,1,6
BRDA:61,4,2,6
BRDA:68,5,0,1
BRDA:68,5,1,3
BRDA:90,6,0,2
BRDA:90,6,1,4
BRF:16
BRH:16
end_of_record
